{"C:\\Users\\dwtde\\Documents\\fullstack\\part5\\bloglist-frontend\\src\\App.jsx": {"path":"C:\\Users\\dwtde\\Documents\\fullstack\\part5\\bloglist-frontend\\src\\App.jsx","statementMap":{"0":{"start":{"line":10,"column":12},"end":{"line":217,"column":1}},"1":{"start":{"line":11,"column":28},"end":{"line":11,"column":40}},"2":{"start":{"line":12,"column":34},"end":{"line":12,"column":46}},"3":{"start":{"line":13,"column":34},"end":{"line":13,"column":46}},"4":{"start":{"line":14,"column":26},"end":{"line":14,"column":40}},"5":{"start":{"line":15,"column":37},"end":{"line":15,"column":85}},"6":{"start":{"line":16,"column":42},"end":{"line":16,"column":57}},"7":{"start":{"line":17,"column":22},"end":{"line":17,"column":30}},"8":{"start":{"line":18,"column":30},"end":{"line":18,"column":45}},"9":{"start":{"line":20,"column":2},"end":{"line":24,"column":8}},"10":{"start":{"line":21,"column":4},"end":{"line":23,"column":5}},"11":{"start":{"line":22,"column":6},"end":{"line":22,"column":21}},"12":{"start":{"line":26,"column":2},"end":{"line":33,"column":8}},"13":{"start":{"line":27,"column":27},"end":{"line":27,"column":75}},"14":{"start":{"line":28,"column":4},"end":{"line":32,"column":5}},"15":{"start":{"line":29,"column":19},"end":{"line":29,"column":45}},"16":{"start":{"line":30,"column":6},"end":{"line":30,"column":19}},"17":{"start":{"line":31,"column":6},"end":{"line":31,"column":38}},"18":{"start":{"line":35,"column":22},"end":{"line":46,"column":3}},"19":{"start":{"line":36,"column":4},"end":{"line":36,"column":63}},"20":{"start":{"line":38,"column":4},"end":{"line":43,"column":5}},"21":{"start":{"line":39,"column":6},"end":{"line":41,"column":14}},"22":{"start":{"line":40,"column":8},"end":{"line":40,"column":63}},"23":{"start":{"line":48,"column":22},"end":{"line":70,"column":3}},"24":{"start":{"line":49,"column":4},"end":{"line":49,"column":26}},"25":{"start":{"line":51,"column":4},"end":{"line":69,"column":5}},"26":{"start":{"line":52,"column":19},"end":{"line":54,"column":8}},"27":{"start":{"line":55,"column":6},"end":{"line":57,"column":7}},"28":{"start":{"line":58,"column":6},"end":{"line":58,"column":38}},"29":{"start":{"line":59,"column":6},"end":{"line":59,"column":19}},"30":{"start":{"line":60,"column":6},"end":{"line":60,"column":21}},"31":{"start":{"line":61,"column":6},"end":{"line":61,"column":21}},"32":{"start":{"line":62,"column":6},"end":{"line":62,"column":47}},"33":{"start":{"line":65,"column":6},"end":{"line":65,"column":28}},"34":{"start":{"line":66,"column":6},"end":{"line":66,"column":56}},"35":{"start":{"line":75,"column":19},"end":{"line":91,"column":3}},"36":{"start":{"line":77,"column":4},"end":{"line":89,"column":5}},"37":{"start":{"line":78,"column":18},"end":{"line":82,"column":8}},"38":{"start":{"line":79,"column":8},"end":{"line":79,"column":35}},"39":{"start":{"line":80,"column":8},"end":{"line":80,"column":72}},"40":{"start":{"line":81,"column":8},"end":{"line":81,"column":46}},"41":{"start":{"line":87,"column":6},"end":{"line":87,"column":24}},"42":{"start":{"line":88,"column":6},"end":{"line":88,"column":51}},"43":{"start":{"line":93,"column":22},"end":{"line":114,"column":3}},"44":{"start":{"line":95,"column":4},"end":{"line":112,"column":5}},"45":{"start":{"line":97,"column":18},"end":{"line":104,"column":8}},"46":{"start":{"line":99,"column":25},"end":{"line":102,"column":10}},"47":{"start":{"line":100,"column":10},"end":{"line":100,"column":52}},"48":{"start":{"line":100,"column":32},"end":{"line":100,"column":52}},"49":{"start":{"line":101,"column":10},"end":{"line":101,"column":19}},"50":{"start":{"line":103,"column":8},"end":{"line":103,"column":26}},"51":{"start":{"line":105,"column":6},"end":{"line":105,"column":54}},"52":{"start":{"line":110,"column":6},"end":{"line":110,"column":24}},"53":{"start":{"line":111,"column":6},"end":{"line":111,"column":44}},"54":{"start":{"line":116,"column":24},"end":{"line":130,"column":3}},"55":{"start":{"line":118,"column":4},"end":{"line":128,"column":5}},"56":{"start":{"line":120,"column":18},"end":{"line":120,"column":40}},"57":{"start":{"line":121,"column":23},"end":{"line":121,"column":61}},"58":{"start":{"line":121,"column":46},"end":{"line":121,"column":60}},"59":{"start":{"line":122,"column":6},"end":{"line":122,"column":24}},"60":{"start":{"line":123,"column":6},"end":{"line":123,"column":48}},"61":{"start":{"line":126,"column":6},"end":{"line":126,"column":24}},"62":{"start":{"line":127,"column":6},"end":{"line":127,"column":47}},"63":{"start":{"line":132,"column":20},"end":{"line":149,"column":3}},"64":{"start":{"line":133,"column":19},"end":{"line":133,"column":27}},"65":{"start":{"line":134,"column":4},"end":{"line":134,"column":20}},"66":{"start":{"line":135,"column":24},"end":{"line":146,"column":6}},"67":{"start":{"line":136,"column":6},"end":{"line":143,"column":7}},"68":{"start":{"line":137,"column":8},"end":{"line":138,"column":44}},"69":{"start":{"line":137,"column":31},"end":{"line":137,"column":40}},"70":{"start":{"line":138,"column":13},"end":{"line":138,"column":44}},"71":{"start":{"line":138,"column":36},"end":{"line":138,"column":44}},"72":{"start":{"line":141,"column":8},"end":{"line":142,"column":44}},"73":{"start":{"line":141,"column":31},"end":{"line":141,"column":40}},"74":{"start":{"line":142,"column":13},"end":{"line":142,"column":44}},"75":{"start":{"line":142,"column":36},"end":{"line":142,"column":44}},"76":{"start":{"line":145,"column":6},"end":{"line":145,"column":14}},"77":{"start":{"line":148,"column":4},"end":{"line":148,"column":25}},"78":{"start":{"line":152,"column":17},"end":{"line":157,"column":3}},"79":{"start":{"line":154,"column":4},"end":{"line":154,"column":17}},"80":{"start":{"line":155,"column":4},"end":{"line":155,"column":109}},"81":{"start":{"line":155,"column":58},"end":{"line":155,"column":109}},"82":{"start":{"line":156,"column":4},"end":{"line":156,"column":31}},"83":{"start":{"line":159,"column":18},"end":{"line":180,"column":3}},"84":{"start":{"line":160,"column":28},"end":{"line":160,"column":67}},"85":{"start":{"line":161,"column":28},"end":{"line":161,"column":67}},"86":{"start":{"line":163,"column":4},"end":{"line":179,"column":5}},"87":{"start":{"line":166,"column":33},"end":{"line":166,"column":54}},"88":{"start":{"line":172,"column":50},"end":{"line":172,"column":75}},"89":{"start":{"line":173,"column":50},"end":{"line":173,"column":75}},"90":{"start":{"line":176,"column":33},"end":{"line":176,"column":55}},"91":{"start":{"line":182,"column":19},"end":{"line":191,"column":3}},"92":{"start":{"line":184,"column":4},"end":{"line":190,"column":10}},"93":{"start":{"line":188,"column":8},"end":{"line":188,"column":98}},"94":{"start":{"line":193,"column":2},"end":{"line":216,"column":3}},"95":{"start":{"line":194,"column":4},"end":{"line":205,"column":5}},"96":{"start":{"line":202,"column":31},"end":{"line":202,"column":42}},"97":{"start":{"line":208,"column":4},"end":{"line":215,"column":5}},"98":{"start":{"line":212,"column":31},"end":{"line":212,"column":42}}},"fnMap":{"0":{"name":"(anonymous_0)","decl":{"start":{"line":10,"column":12},"end":{"line":10,"column":13}},"loc":{"start":{"line":10,"column":18},"end":{"line":217,"column":1}},"line":10},"1":{"name":"(anonymous_1)","decl":{"start":{"line":20,"column":12},"end":{"line":20,"column":13}},"loc":{"start":{"line":20,"column":18},"end":{"line":24,"column":3}},"line":20},"2":{"name":"(anonymous_2)","decl":{"start":{"line":21,"column":30},"end":{"line":21,"column":31}},"loc":{"start":{"line":22,"column":6},"end":{"line":22,"column":21}},"line":22},"3":{"name":"(anonymous_3)","decl":{"start":{"line":26,"column":12},"end":{"line":26,"column":13}},"loc":{"start":{"line":26,"column":18},"end":{"line":33,"column":3}},"line":26},"4":{"name":"(anonymous_4)","decl":{"start":{"line":35,"column":22},"end":{"line":35,"column":23}},"loc":{"start":{"line":35,"column":39},"end":{"line":46,"column":3}},"line":35},"5":{"name":"(anonymous_5)","decl":{"start":{"line":39,"column":17},"end":{"line":39,"column":18}},"loc":{"start":{"line":39,"column":23},"end":{"line":41,"column":7}},"line":39},"6":{"name":"(anonymous_6)","decl":{"start":{"line":48,"column":22},"end":{"line":48,"column":23}},"loc":{"start":{"line":48,"column":39},"end":{"line":70,"column":3}},"line":48},"7":{"name":"(anonymous_7)","decl":{"start":{"line":75,"column":19},"end":{"line":75,"column":20}},"loc":{"start":{"line":75,"column":29},"end":{"line":91,"column":3}},"line":75},"8":{"name":"(anonymous_8)","decl":{"start":{"line":78,"column":48},"end":{"line":78,"column":49}},"loc":{"start":{"line":78,"column":55},"end":{"line":82,"column":7}},"line":78},"9":{"name":"(anonymous_9)","decl":{"start":{"line":93,"column":22},"end":{"line":93,"column":23}},"loc":{"start":{"line":93,"column":32},"end":{"line":114,"column":3}},"line":93},"10":{"name":"(anonymous_10)","decl":{"start":{"line":97,"column":57},"end":{"line":97,"column":58}},"loc":{"start":{"line":97,"column":64},"end":{"line":104,"column":7}},"line":97},"11":{"name":"(anonymous_11)","decl":{"start":{"line":99,"column":35},"end":{"line":99,"column":36}},"loc":{"start":{"line":99,"column":41},"end":{"line":102,"column":9}},"line":99},"12":{"name":"(anonymous_12)","decl":{"start":{"line":116,"column":24},"end":{"line":116,"column":25}},"loc":{"start":{"line":116,"column":32},"end":{"line":130,"column":3}},"line":116},"13":{"name":"(anonymous_13)","decl":{"start":{"line":121,"column":36},"end":{"line":121,"column":37}},"loc":{"start":{"line":121,"column":46},"end":{"line":121,"column":60}},"line":121},"14":{"name":"(anonymous_14)","decl":{"start":{"line":132,"column":20},"end":{"line":132,"column":21}},"loc":{"start":{"line":132,"column":26},"end":{"line":149,"column":3}},"line":132},"15":{"name":"(anonymous_15)","decl":{"start":{"line":135,"column":39},"end":{"line":135,"column":40}},"loc":{"start":{"line":135,"column":49},"end":{"line":146,"column":5}},"line":135},"16":{"name":"(anonymous_16)","decl":{"start":{"line":152,"column":17},"end":{"line":152,"column":18}},"loc":{"start":{"line":152,"column":23},"end":{"line":157,"column":3}},"line":152},"17":{"name":"(anonymous_17)","decl":{"start":{"line":159,"column":18},"end":{"line":159,"column":19}},"loc":{"start":{"line":159,"column":24},"end":{"line":180,"column":3}},"line":159},"18":{"name":"(anonymous_18)","decl":{"start":{"line":166,"column":27},"end":{"line":166,"column":28}},"loc":{"start":{"line":166,"column":33},"end":{"line":166,"column":54}},"line":166},"19":{"name":"(anonymous_19)","decl":{"start":{"line":172,"column":34},"end":{"line":172,"column":35}},"loc":{"start":{"line":172,"column":50},"end":{"line":172,"column":75}},"line":172},"20":{"name":"(anonymous_20)","decl":{"start":{"line":173,"column":34},"end":{"line":173,"column":35}},"loc":{"start":{"line":173,"column":50},"end":{"line":173,"column":75}},"line":173},"21":{"name":"(anonymous_21)","decl":{"start":{"line":176,"column":27},"end":{"line":176,"column":28}},"loc":{"start":{"line":176,"column":33},"end":{"line":176,"column":55}},"line":176},"22":{"name":"(anonymous_22)","decl":{"start":{"line":182,"column":19},"end":{"line":182,"column":20}},"loc":{"start":{"line":184,"column":4},"end":{"line":190,"column":10}},"line":184},"23":{"name":"(anonymous_23)","decl":{"start":{"line":187,"column":17},"end":{"line":187,"column":18}},"loc":{"start":{"line":188,"column":8},"end":{"line":188,"column":98}},"line":188},"24":{"name":"(anonymous_24)","decl":{"start":{"line":202,"column":25},"end":{"line":202,"column":26}},"loc":{"start":{"line":202,"column":31},"end":{"line":202,"column":42}},"line":202},"25":{"name":"(anonymous_25)","decl":{"start":{"line":212,"column":25},"end":{"line":212,"column":26}},"loc":{"start":{"line":212,"column":31},"end":{"line":212,"column":42}},"line":212}},"branchMap":{"0":{"loc":{"start":{"line":28,"column":4},"end":{"line":32,"column":5}},"type":"if","locations":[{"start":{"line":28,"column":4},"end":{"line":32,"column":5}},{"start":{},"end":{}}],"line":28},"1":{"loc":{"start":{"line":38,"column":4},"end":{"line":43,"column":5}},"type":"if","locations":[{"start":{"line":38,"column":4},"end":{"line":43,"column":5}},{"start":{},"end":{}}],"line":38},"2":{"loc":{"start":{"line":100,"column":10},"end":{"line":100,"column":52}},"type":"if","locations":[{"start":{"line":100,"column":10},"end":{"line":100,"column":52}},{"start":{},"end":{}}],"line":100},"3":{"loc":{"start":{"line":136,"column":6},"end":{"line":143,"column":7}},"type":"if","locations":[{"start":{"line":136,"column":6},"end":{"line":143,"column":7}},{"start":{"line":140,"column":11},"end":{"line":143,"column":7}}],"line":136},"4":{"loc":{"start":{"line":137,"column":8},"end":{"line":138,"column":44}},"type":"if","locations":[{"start":{"line":137,"column":8},"end":{"line":138,"column":44}},{"start":{"line":138,"column":13},"end":{"line":138,"column":44}}],"line":137},"5":{"loc":{"start":{"line":138,"column":13},"end":{"line":138,"column":44}},"type":"if","locations":[{"start":{"line":138,"column":13},"end":{"line":138,"column":44}},{"start":{},"end":{}}],"line":138},"6":{"loc":{"start":{"line":141,"column":8},"end":{"line":142,"column":44}},"type":"if","locations":[{"start":{"line":141,"column":8},"end":{"line":142,"column":44}},{"start":{"line":142,"column":13},"end":{"line":142,"column":44}}],"line":141},"7":{"loc":{"start":{"line":142,"column":13},"end":{"line":142,"column":44}},"type":"if","locations":[{"start":{"line":142,"column":13},"end":{"line":142,"column":44}},{"start":{},"end":{}}],"line":142},"8":{"loc":{"start":{"line":155,"column":4},"end":{"line":155,"column":109}},"type":"if","locations":[{"start":{"line":155,"column":4},"end":{"line":155,"column":109}},{"start":{},"end":{}}],"line":155},"9":{"loc":{"start":{"line":160,"column":39},"end":{"line":160,"column":65}},"type":"cond-expr","locations":[{"start":{"line":160,"column":54},"end":{"line":160,"column":60}},{"start":{"line":160,"column":63},"end":{"line":160,"column":65}}],"line":160},"10":{"loc":{"start":{"line":161,"column":39},"end":{"line":161,"column":65}},"type":"cond-expr","locations":[{"start":{"line":161,"column":54},"end":{"line":161,"column":56}},{"start":{"line":161,"column":59},"end":{"line":161,"column":65}}],"line":161},"11":{"loc":{"start":{"line":193,"column":2},"end":{"line":216,"column":3}},"type":"if","locations":[{"start":{"line":193,"column":2},"end":{"line":216,"column":3}},{"start":{"line":207,"column":7},"end":{"line":216,"column":3}}],"line":193}},"s":{"0":0,"1":0,"2":0,"3":0,"4":0,"5":0,"6":0,"7":0,"8":0,"9":0,"10":0,"11":0,"12":0,"13":0,"14":0,"15":0,"16":0,"17":0,"18":0,"19":0,"20":0,"21":0,"22":0,"23":0,"24":0,"25":0,"26":0,"27":0,"28":0,"29":0,"30":0,"31":0,"32":0,"33":0,"34":0,"35":0,"36":0,"37":0,"38":0,"39":0,"40":0,"41":0,"42":0,"43":0,"44":0,"45":0,"46":0,"47":0,"48":0,"49":0,"50":0,"51":0,"52":0,"53":0,"54":0,"55":0,"56":0,"57":0,"58":0,"59":0,"60":0,"61":0,"62":0,"63":0,"64":0,"65":0,"66":0,"67":0,"68":0,"69":0,"70":0,"71":0,"72":0,"73":0,"74":0,"75":0,"76":0,"77":0,"78":0,"79":0,"80":0,"81":0,"82":0,"83":0,"84":0,"85":0,"86":0,"87":0,"88":0,"89":0,"90":0,"91":0,"92":0,"93":0,"94":0,"95":0,"96":0,"97":0,"98":0},"f":{"0":0,"1":0,"2":0,"3":0,"4":0,"5":0,"6":0,"7":0,"8":0,"9":0,"10":0,"11":0,"12":0,"13":0,"14":0,"15":0,"16":0,"17":0,"18":0,"19":0,"20":0,"21":0,"22":0,"23":0,"24":0,"25":0},"b":{"0":[0,0],"1":[0,0],"2":[0,0],"3":[0,0],"4":[0,0],"5":[0,0],"6":[0,0],"7":[0,0],"8":[0,0],"9":[0,0],"10":[0,0],"11":[0,0]}}
,"C:\\Users\\dwtde\\Documents\\fullstack\\part5\\bloglist-frontend\\src\\main.jsx": {"path":"C:\\Users\\dwtde\\Documents\\fullstack\\part5\\bloglist-frontend\\src\\main.jsx","statementMap":{"0":{"start":{"line":5,"column":0},"end":{"line":5,"column":68}}},"fnMap":{},"branchMap":{},"s":{"0":0},"f":{},"b":{}}
,"C:\\Users\\dwtde\\Documents\\fullstack\\part5\\bloglist-frontend\\src\\components\\Blog.jsx": {"path":"C:\\Users\\dwtde\\Documents\\fullstack\\part5\\bloglist-frontend\\src\\components\\Blog.jsx","statementMap":{"0":{"start":{"line":5,"column":13},"end":{"line":36,"column":1}},"1":{"start":{"line":6,"column":20},"end":{"line":12,"column":3}},"2":{"start":{"line":13,"column":22},"end":{"line":13,"column":30}},"3":{"start":{"line":14,"column":21},"end":{"line":19,"column":3}},"4":{"start":{"line":16,"column":20},"end":{"line":16,"column":102}},"5":{"start":{"line":17,"column":4},"end":{"line":17,"column":24}},"6":{"start":{"line":20,"column":19},"end":{"line":24,"column":3}},"7":{"start":{"line":21,"column":16},"end":{"line":21,"column":38}},"8":{"start":{"line":22,"column":4},"end":{"line":22,"column":30}},"9":{"start":{"line":22,"column":13},"end":{"line":22,"column":30}},"10":{"start":{"line":25,"column":2},"end":{"line":35,"column":3}},"11":{"start":{"line":30,"column":48},"end":{"line":30,"column":64}},"12":{"start":{"line":32,"column":31},"end":{"line":32,"column":48}}},"fnMap":{"0":{"name":"(anonymous_0)","decl":{"start":{"line":5,"column":13},"end":{"line":5,"column":14}},"loc":{"start":{"line":5,"column":55},"end":{"line":36,"column":1}},"line":5},"1":{"name":"(anonymous_1)","decl":{"start":{"line":14,"column":21},"end":{"line":14,"column":22}},"loc":{"start":{"line":14,"column":31},"end":{"line":19,"column":3}},"line":14},"2":{"name":"(anonymous_2)","decl":{"start":{"line":20,"column":19},"end":{"line":20,"column":20}},"loc":{"start":{"line":20,"column":27},"end":{"line":24,"column":3}},"line":20},"3":{"name":"(anonymous_3)","decl":{"start":{"line":30,"column":42},"end":{"line":30,"column":43}},"loc":{"start":{"line":30,"column":48},"end":{"line":30,"column":64}},"line":30},"4":{"name":"(anonymous_4)","decl":{"start":{"line":32,"column":25},"end":{"line":32,"column":26}},"loc":{"start":{"line":32,"column":31},"end":{"line":32,"column":48}},"line":32}},"branchMap":{"0":{"loc":{"start":{"line":16,"column":20},"end":{"line":16,"column":102}},"type":"cond-expr","locations":[{"start":{"line":16,"column":44},"end":{"line":16,"column":65}},{"start":{"line":16,"column":68},"end":{"line":16,"column":102}}],"line":16},"1":{"loc":{"start":{"line":22,"column":4},"end":{"line":22,"column":30}},"type":"if","locations":[{"start":{"line":22,"column":4},"end":{"line":22,"column":30}},{"start":{},"end":{}}],"line":22}},"s":{"0":0,"1":0,"2":0,"3":0,"4":0,"5":0,"6":0,"7":0,"8":0,"9":0,"10":0,"11":0,"12":0},"f":{"0":0,"1":0,"2":0,"3":0,"4":0},"b":{"0":[0,0],"1":[0,0]}}
,"C:\\Users\\dwtde\\Documents\\fullstack\\part5\\bloglist-frontend\\src\\components\\BlogForm.jsx": {"path":"C:\\Users\\dwtde\\Documents\\fullstack\\part5\\bloglist-frontend\\src\\components\\BlogForm.jsx","statementMap":{"0":{"start":{"line":4,"column":17},"end":{"line":28,"column":1}},"1":{"start":{"line":5,"column":30},"end":{"line":5,"column":84}},"2":{"start":{"line":7,"column":18},"end":{"line":17,"column":3}},"3":{"start":{"line":8,"column":4},"end":{"line":8,"column":26}},"4":{"start":{"line":9,"column":4},"end":{"line":15,"column":5}},"5":{"start":{"line":10,"column":6},"end":{"line":10,"column":24}},"6":{"start":{"line":14,"column":6},"end":{"line":14,"column":24}},"7":{"start":{"line":19,"column":2},"end":{"line":27,"column":3}},"8":{"start":{"line":21,"column":94},"end":{"line":21,"column":139}},"9":{"start":{"line":22,"column":103},"end":{"line":22,"column":149}},"10":{"start":{"line":23,"column":94},"end":{"line":23,"column":137}},"11":{"start":{"line":30,"column":0},"end":{"line":33,"column":1}}},"fnMap":{"0":{"name":"(anonymous_0)","decl":{"start":{"line":4,"column":17},"end":{"line":4,"column":18}},"loc":{"start":{"line":4,"column":35},"end":{"line":28,"column":1}},"line":4},"1":{"name":"(anonymous_1)","decl":{"start":{"line":7,"column":18},"end":{"line":7,"column":19}},"loc":{"start":{"line":7,"column":29},"end":{"line":17,"column":3}},"line":7},"2":{"name":"(anonymous_2)","decl":{"start":{"line":21,"column":78},"end":{"line":21,"column":79}},"loc":{"start":{"line":21,"column":94},"end":{"line":21,"column":139}},"line":21},"3":{"name":"(anonymous_3)","decl":{"start":{"line":22,"column":87},"end":{"line":22,"column":88}},"loc":{"start":{"line":22,"column":103},"end":{"line":22,"column":149}},"line":22},"4":{"name":"(anonymous_4)","decl":{"start":{"line":23,"column":78},"end":{"line":23,"column":79}},"loc":{"start":{"line":23,"column":94},"end":{"line":23,"column":137}},"line":23}},"branchMap":{},"s":{"0":0,"1":0,"2":0,"3":0,"4":0,"5":0,"6":0,"7":0,"8":0,"9":0,"10":0,"11":0},"f":{"0":0,"1":0,"2":0,"3":0,"4":0},"b":{}}
,"C:\\Users\\dwtde\\Documents\\fullstack\\part5\\bloglist-frontend\\src\\components\\LoginForm.jsx": {"path":"C:\\Users\\dwtde\\Documents\\fullstack\\part5\\bloglist-frontend\\src\\components\\LoginForm.jsx","statementMap":{"0":{"start":{"line":1,"column":18},"end":{"line":23,"column":1}},"1":{"start":{"line":2,"column":2},"end":{"line":22,"column":9}}},"fnMap":{"0":{"name":"(anonymous_0)","decl":{"start":{"line":1,"column":18},"end":{"line":1,"column":19}},"loc":{"start":{"line":2,"column":2},"end":{"line":22,"column":9}},"line":2}},"branchMap":{},"s":{"0":0,"1":0},"f":{"0":0},"b":{}}
,"C:\\Users\\dwtde\\Documents\\fullstack\\part5\\bloglist-frontend\\src\\components\\Note.jsx": {"path":"C:\\Users\\dwtde\\Documents\\fullstack\\part5\\bloglist-frontend\\src\\components\\Note.jsx","statementMap":{"0":{"start":{"line":1,"column":13},"end":{"line":12,"column":1}},"1":{"start":{"line":2,"column":16},"end":{"line":4,"column":22}},"2":{"start":{"line":6,"column":2},"end":{"line":11,"column":3}}},"fnMap":{"0":{"name":"(anonymous_0)","decl":{"start":{"line":1,"column":13},"end":{"line":1,"column":14}},"loc":{"start":{"line":1,"column":45},"end":{"line":12,"column":1}},"line":1}},"branchMap":{"0":{"loc":{"start":{"line":2,"column":16},"end":{"line":4,"column":22}},"type":"cond-expr","locations":[{"start":{"line":3,"column":6},"end":{"line":3,"column":26}},{"start":{"line":4,"column":6},"end":{"line":4,"column":22}}],"line":2}},"s":{"0":1,"1":2,"2":2},"f":{"0":2},"b":{"0":[2,0]},"_coverageSchema":"1a1c01bbd47fc00a2c39e90264f33305004495a9","hash":"7d223de467a2fd8b32f8ed8c6bc3b13400327996"}
,"C:\\Users\\dwtde\\Documents\\fullstack\\part5\\bloglist-frontend\\src\\components\\NoteForm.jsx": {"path":"C:\\Users\\dwtde\\Documents\\fullstack\\part5\\bloglist-frontend\\src\\components\\NoteForm.jsx","statementMap":{"0":{"start":{"line":3,"column":17},"end":{"line":33,"column":1}},"1":{"start":{"line":4,"column":32},"end":{"line":4,"column":44}},"2":{"start":{"line":6,"column":23},"end":{"line":8,"column":3}},"3":{"start":{"line":7,"column":4},"end":{"line":7,"column":34}},"4":{"start":{"line":10,"column":18},"end":{"line":18,"column":3}},"5":{"start":{"line":11,"column":4},"end":{"line":11,"column":26}},"6":{"start":{"line":12,"column":4},"end":{"line":15,"column":6}},"7":{"start":{"line":17,"column":4},"end":{"line":17,"column":18}},"8":{"start":{"line":20,"column":2},"end":{"line":32,"column":3}}},"fnMap":{"0":{"name":"(anonymous_0)","decl":{"start":{"line":3,"column":17},"end":{"line":3,"column":18}},"loc":{"start":{"line":3,"column":37},"end":{"line":33,"column":1}},"line":3},"1":{"name":"(anonymous_1)","decl":{"start":{"line":6,"column":23},"end":{"line":6,"column":24}},"loc":{"start":{"line":6,"column":34},"end":{"line":8,"column":3}},"line":6},"2":{"name":"(anonymous_2)","decl":{"start":{"line":10,"column":18},"end":{"line":10,"column":19}},"loc":{"start":{"line":10,"column":29},"end":{"line":18,"column":3}},"line":10}},"branchMap":{},"s":{"0":1,"1":19,"2":19,"3":17,"4":19,"5":1,"6":1,"7":1,"8":19},"f":{"0":19,"1":17,"2":1},"b":{},"_coverageSchema":"1a1c01bbd47fc00a2c39e90264f33305004495a9","hash":"ef0e5553ad9636d1ddcb778d4f0ef6eb0b363283"}
,"C:\\Users\\dwtde\\Documents\\fullstack\\part5\\bloglist-frontend\\src\\components\\Notification.jsx": {"path":"C:\\Users\\dwtde\\Documents\\fullstack\\part5\\bloglist-frontend\\src\\components\\Notification.jsx","statementMap":{"0":{"start":{"line":1,"column":21},"end":{"line":11,"column":1}},"1":{"start":{"line":2,"column":2},"end":{"line":4,"column":3}},"2":{"start":{"line":3,"column":4},"end":{"line":3,"column":15}},"3":{"start":{"line":6,"column":2},"end":{"line":10,"column":3}}},"fnMap":{"0":{"name":"(anonymous_0)","decl":{"start":{"line":1,"column":21},"end":{"line":1,"column":22}},"loc":{"start":{"line":1,"column":45},"end":{"line":11,"column":1}},"line":1}},"branchMap":{"0":{"loc":{"start":{"line":2,"column":2},"end":{"line":4,"column":3}},"type":"if","locations":[{"start":{"line":2,"column":2},"end":{"line":4,"column":3}},{"start":{},"end":{}}],"line":2}},"s":{"0":0,"1":0,"2":0,"3":0},"f":{"0":0},"b":{"0":[0,0]}}
,"C:\\Users\\dwtde\\Documents\\fullstack\\part5\\bloglist-frontend\\src\\components\\Togglable.jsx": {"path":"C:\\Users\\dwtde\\Documents\\fullstack\\part5\\bloglist-frontend\\src\\components\\Togglable.jsx","statementMap":{"0":{"start":{"line":3,"column":18},"end":{"line":30,"column":2}},"1":{"start":{"line":4,"column":32},"end":{"line":4,"column":47}},"2":{"start":{"line":6,"column":26},"end":{"line":6,"column":60}},"3":{"start":{"line":7,"column":26},"end":{"line":7,"column":60}},"4":{"start":{"line":9,"column":27},"end":{"line":11,"column":3}},"5":{"start":{"line":10,"column":4},"end":{"line":10,"column":24}},"6":{"start":{"line":13,"column":2},"end":{"line":17,"column":4}},"7":{"start":{"line":14,"column":4},"end":{"line":16,"column":5}},"8":{"start":{"line":19,"column":2},"end":{"line":29,"column":3}},"9":{"start":{"line":31,"column":0},"end":{"line":31,"column":35}}},"fnMap":{"0":{"name":"(anonymous_0)","decl":{"start":{"line":3,"column":29},"end":{"line":3,"column":30}},"loc":{"start":{"line":3,"column":46},"end":{"line":30,"column":1}},"line":3},"1":{"name":"(anonymous_1)","decl":{"start":{"line":9,"column":27},"end":{"line":9,"column":28}},"loc":{"start":{"line":9,"column":33},"end":{"line":11,"column":3}},"line":9},"2":{"name":"(anonymous_2)","decl":{"start":{"line":13,"column":28},"end":{"line":13,"column":29}},"loc":{"start":{"line":13,"column":34},"end":{"line":17,"column":3}},"line":13}},"branchMap":{"0":{"loc":{"start":{"line":6,"column":37},"end":{"line":6,"column":58}},"type":"cond-expr","locations":[{"start":{"line":6,"column":47},"end":{"line":6,"column":53}},{"start":{"line":6,"column":56},"end":{"line":6,"column":58}}],"line":6},"1":{"loc":{"start":{"line":7,"column":37},"end":{"line":7,"column":58}},"type":"cond-expr","locations":[{"start":{"line":7,"column":47},"end":{"line":7,"column":49}},{"start":{"line":7,"column":52},"end":{"line":7,"column":58}}],"line":7}},"s":{"0":1,"1":7,"2":7,"3":7,"4":7,"5":3,"6":7,"7":0,"8":7,"9":1},"f":{"0":7,"1":3,"2":0},"b":{"0":[2,5],"1":[2,5]},"_coverageSchema":"1a1c01bbd47fc00a2c39e90264f33305004495a9","hash":"257e621dfd863b4bb99e56a210f8a6e3bdbf503b"}
,"C:\\Users\\dwtde\\Documents\\fullstack\\part5\\bloglist-frontend\\src\\services\\blogs.js": {"path":"C:\\Users\\dwtde\\Documents\\fullstack\\part5\\bloglist-frontend\\src\\services\\blogs.js","statementMap":{"0":{"start":{"line":2,"column":16},"end":{"line":2,"column":28}},"1":{"start":{"line":3,"column":12},"end":{"line":3,"column":16}},"2":{"start":{"line":5,"column":17},"end":{"line":7,"column":1}},"3":{"start":{"line":6,"column":2},"end":{"line":6,"column":30}},"4":{"start":{"line":9,"column":15},"end":{"line":16,"column":1}},"5":{"start":{"line":10,"column":17},"end":{"line":12,"column":3}},"6":{"start":{"line":14,"column":19},"end":{"line":14,"column":63}},"7":{"start":{"line":15,"column":2},"end":{"line":15,"column":22}},"8":{"start":{"line":18,"column":15},"end":{"line":24,"column":1}},"9":{"start":{"line":19,"column":17},"end":{"line":21,"column":3}},"10":{"start":{"line":22,"column":18},"end":{"line":22,"column":60}},"11":{"start":{"line":23,"column":2},"end":{"line":23,"column":48}},"12":{"start":{"line":23,"column":34},"end":{"line":23,"column":47}},"13":{"start":{"line":25,"column":15},"end":{"line":31,"column":1}},"14":{"start":{"line":26,"column":17},"end":{"line":28,"column":3}},"15":{"start":{"line":29,"column":18},"end":{"line":29,"column":59}},"16":{"start":{"line":30,"column":2},"end":{"line":30,"column":48}},"17":{"start":{"line":30,"column":34},"end":{"line":30,"column":47}},"18":{"start":{"line":33,"column":15},"end":{"line":36,"column":1}},"19":{"start":{"line":34,"column":18},"end":{"line":34,"column":36}},"20":{"start":{"line":35,"column":2},"end":{"line":35,"column":48}},"21":{"start":{"line":35,"column":34},"end":{"line":35,"column":47}}},"fnMap":{"0":{"name":"(anonymous_0)","decl":{"start":{"line":5,"column":17},"end":{"line":5,"column":18}},"loc":{"start":{"line":5,"column":29},"end":{"line":7,"column":1}},"line":5},"1":{"name":"(anonymous_1)","decl":{"start":{"line":9,"column":15},"end":{"line":9,"column":16}},"loc":{"start":{"line":9,"column":34},"end":{"line":16,"column":1}},"line":9},"2":{"name":"(anonymous_2)","decl":{"start":{"line":18,"column":15},"end":{"line":18,"column":16}},"loc":{"start":{"line":18,"column":34},"end":{"line":24,"column":1}},"line":18},"3":{"name":"(anonymous_3)","decl":{"start":{"line":23,"column":22},"end":{"line":23,"column":23}},"loc":{"start":{"line":23,"column":34},"end":{"line":23,"column":47}},"line":23},"4":{"name":"(anonymous_4)","decl":{"start":{"line":25,"column":15},"end":{"line":25,"column":16}},"loc":{"start":{"line":25,"column":34},"end":{"line":31,"column":1}},"line":25},"5":{"name":"(anonymous_5)","decl":{"start":{"line":30,"column":22},"end":{"line":30,"column":23}},"loc":{"start":{"line":30,"column":34},"end":{"line":30,"column":47}},"line":30},"6":{"name":"(anonymous_6)","decl":{"start":{"line":33,"column":15},"end":{"line":33,"column":16}},"loc":{"start":{"line":33,"column":21},"end":{"line":36,"column":1}},"line":33},"7":{"name":"(anonymous_7)","decl":{"start":{"line":35,"column":22},"end":{"line":35,"column":23}},"loc":{"start":{"line":35,"column":34},"end":{"line":35,"column":47}},"line":35}},"branchMap":{},"s":{"0":0,"1":0,"2":0,"3":0,"4":0,"5":0,"6":0,"7":0,"8":0,"9":0,"10":0,"11":0,"12":0,"13":0,"14":0,"15":0,"16":0,"17":0,"18":0,"19":0,"20":0,"21":0},"f":{"0":0,"1":0,"2":0,"3":0,"4":0,"5":0,"6":0,"7":0},"b":{}}
,"C:\\Users\\dwtde\\Documents\\fullstack\\part5\\bloglist-frontend\\src\\services\\login.js": {"path":"C:\\Users\\dwtde\\Documents\\fullstack\\part5\\bloglist-frontend\\src\\services\\login.js","statementMap":{"0":{"start":{"line":2,"column":16},"end":{"line":2,"column":28}},"1":{"start":{"line":4,"column":14},"end":{"line":7,"column":1}},"2":{"start":{"line":5,"column":19},"end":{"line":5,"column":57}},"3":{"start":{"line":6,"column":2},"end":{"line":6,"column":22}}},"fnMap":{"0":{"name":"(anonymous_0)","decl":{"start":{"line":4,"column":14},"end":{"line":4,"column":15}},"loc":{"start":{"line":4,"column":35},"end":{"line":7,"column":1}},"line":4}},"branchMap":{},"s":{"0":0,"1":0,"2":0,"3":0},"f":{"0":0},"b":{}}
}
